[16:53:11] [main/INFO]: Environment: authHost='https://authserver.mojang.com', accountsHost='https://api.mojang.com', sessionHost='https://sessionserver.mojang.com', servicesHost='https://api.minecraftservices.com', name='PROD'
[16:53:12] [main/WARN]: Ambiguity between arguments [teleport, location] and [teleport, destination] with inputs: [0.1 -0.5 .9, 0 0 0]
[16:53:12] [main/WARN]: Ambiguity between arguments [teleport, location] and [teleport, targets] with inputs: [0.1 -0.5 .9, 0 0 0]
[16:53:12] [main/WARN]: Ambiguity between arguments [teleport, destination] and [teleport, targets] with inputs: [Player, 0123, @e, dd12be42-52a9-4a91-a8a1-11c01849e498]
[16:53:12] [main/WARN]: Ambiguity between arguments [teleport, targets] and [teleport, destination] with inputs: [Player, 0123, dd12be42-52a9-4a91-a8a1-11c01849e498]
[16:53:12] [main/WARN]: Ambiguity between arguments [teleport, targets, location] and [teleport, targets, destination] with inputs: [0.1 -0.5 .9, 0 0 0]
[16:53:12] [main/INFO]: Reloading ResourceManager: Default
[16:53:15] [Worker-Main-4/INFO]: Loaded 7 recipes
[16:53:16] [Worker-Main-4/INFO]: Loaded 1137 advancements
[16:53:20] [Server thread/INFO]: Starting minecraft server version 1.17
[16:53:20] [Server thread/INFO]: Loading properties
[16:53:20] [Server thread/INFO]: Default game type: SURVIVAL
[16:53:20] [Server thread/INFO]: Generating keypair
[16:53:21] [Server thread/INFO]: Starting Minecraft server on *:25565
[16:53:21] [Server thread/INFO]: Using epoll channel type
[16:53:21] [Server thread/INFO]: Preparing level "world"
[16:53:21] [Server thread/INFO]: Preparing start region for dimension minecraft:overworld
[16:53:23] [Worker-Main-5/INFO]: Preparing spawn area: 0%
[16:53:35] [Worker-Main-6/INFO]: Preparing spawn area: 0%
[16:53:35] [Worker-Main-5/INFO]: Preparing spawn area: 0%
[16:53:35] [Worker-Main-5/INFO]: Preparing spawn area: 0%
[16:53:35] [Worker-Main-5/INFO]: Preparing spawn area: 0%
[16:53:35] [Worker-Main-5/INFO]: Preparing spawn area: 0%
[16:53:35] [Worker-Main-5/INFO]: Preparing spawn area: 0%
[16:53:35] [Worker-Main-5/INFO]: Preparing spawn area: 0%
[16:53:35] [Worker-Main-5/INFO]: Preparing spawn area: 0%
[16:53:35] [Worker-Main-4/INFO]: Preparing spawn area: 0%
[16:53:35] [Worker-Main-4/INFO]: Preparing spawn area: 0%
[16:53:35] [Worker-Main-4/INFO]: Preparing spawn area: 0%
[16:53:35] [Worker-Main-4/INFO]: Preparing spawn area: 0%
[16:53:35] [Worker-Main-4/INFO]: Preparing spawn area: 0%
[16:53:35] [Worker-Main-4/INFO]: Preparing spawn area: 0%
[16:53:35] [Worker-Main-4/INFO]: Preparing spawn area: 0%
[16:53:35] [Worker-Main-4/INFO]: Preparing spawn area: 0%
[16:53:35] [Worker-Main-4/INFO]: Preparing spawn area: 0%
[16:53:35] [Worker-Main-4/INFO]: Preparing spawn area: 0%
[16:53:35] [Worker-Main-4/INFO]: Preparing spawn area: 0%
[16:53:35] [Worker-Main-4/INFO]: Preparing spawn area: 0%
[16:53:35] [Worker-Main-4/INFO]: Preparing spawn area: 0%
[16:53:35] [Worker-Main-6/INFO]: Preparing spawn area: 0%
[16:53:35] [Worker-Main-4/INFO]: Preparing spawn area: 0%
[16:53:35] [Worker-Main-6/INFO]: Preparing spawn area: 0%
[16:53:35] [Worker-Main-6/INFO]: Preparing spawn area: 0%
[16:53:35] [Worker-Main-6/INFO]: Preparing spawn area: 0%
[16:53:35] [Worker-Main-4/INFO]: Preparing spawn area: 0%
[16:53:35] [Worker-Main-6/INFO]: Preparing spawn area: 0%
[16:53:36] [Worker-Main-5/INFO]: Preparing spawn area: 8%
[16:53:36] [Worker-Main-6/INFO]: Preparing spawn area: 17%
[16:53:37] [Worker-Main-5/INFO]: Preparing spawn area: 32%
[16:53:40] [Worker-Main-4/INFO]: Preparing spawn area: 61%
[16:53:40] [Worker-Main-5/INFO]: Preparing spawn area: 61%
[16:53:40] [Worker-Main-5/INFO]: Preparing spawn area: 61%
[16:53:40] [Worker-Main-5/INFO]: Preparing spawn area: 61%
[16:53:40] [Worker-Main-5/INFO]: Preparing spawn area: 61%
[16:53:40] [Worker-Main-5/INFO]: Preparing spawn area: 61%
[16:53:40] [Worker-Main-4/INFO]: Preparing spawn area: 71%
[16:53:41] [Worker-Main-5/INFO]: Preparing spawn area: 72%
[16:53:44] [Worker-Main-5/INFO]: Preparing spawn area: 72%
[16:53:44] [Worker-Main-6/INFO]: Preparing spawn area: 72%
[16:53:44] [Worker-Main-6/INFO]: Preparing spawn area: 72%
[16:53:44] [Worker-Main-6/INFO]: Preparing spawn area: 72%
[16:53:44] [Worker-Main-6/INFO]: Preparing spawn area: 72%
[16:53:44] [Worker-Main-6/INFO]: Preparing spawn area: 72%
[16:53:44] [Worker-Main-6/INFO]: Preparing spawn area: 82%
[16:53:45] [Worker-Main-5/INFO]: Preparing spawn area: 84%
[16:53:45] [Worker-Main-5/INFO]: Preparing spawn area: 84%
[16:53:46] [Worker-Main-4/INFO]: Preparing spawn area: 84%
[16:53:46] [Worker-Main-6/INFO]: Preparing spawn area: 85%
[16:53:47] [Worker-Main-5/INFO]: Preparing spawn area: 86%
[16:53:47] [Worker-Main-6/INFO]: Preparing spawn area: 86%
[16:53:48] [Worker-Main-6/INFO]: Preparing spawn area: 92%
[16:53:48] [Worker-Main-6/INFO]: Preparing spawn area: 94%
[16:53:49] [Worker-Main-5/INFO]: Preparing spawn area: 97%
[16:53:49] [Worker-Main-6/INFO]: Preparing spawn area: 98%
[16:53:50] [Server thread/INFO]: Time elapsed: 28171 ms
[16:53:50] [Server thread/INFO]: Done (28.449s)! For help, type "help"
[16:53:53] [Server thread/WARN]: Can't keep up! Is the server overloaded? Running 2006ms or 40 ticks behind
[16:56:31] [Server thread/INFO]: Stopping the server
[16:56:31] [Server thread/INFO]: Stopping server
[16:56:31] [Server thread/INFO]: Saving players
[16:56:31] [Server thread/INFO]: Saving worlds
[16:56:31] [Server thread/INFO]: Saving chunks for level 'ServerLevel[world]'/minecraft:overworld
[16:56:33] [Server thread/INFO]: ThreadedAnvilChunkStorage (world): All chunks are saved
[16:56:33] [Server thread/INFO]: Saving chunks for level 'ServerLevel[world]'/minecraft:the_nether
[16:56:33] [Server thread/INFO]: ThreadedAnvilChunkStorage (DIM-1): All chunks are saved
[16:56:33] [Server thread/INFO]: Saving chunks for level 'ServerLevel[world]'/minecraft:the_end
[16:56:33] [Server thread/INFO]: ThreadedAnvilChunkStorage (DIM1): All chunks are saved
[16:56:33] [Server thread/INFO]: ThreadedAnvilChunkStorage (world): All chunks are saved
[16:56:33] [Server thread/INFO]: ThreadedAnvilChunkStorage (DIM-1): All chunks are saved
[16:56:33] [Server thread/INFO]: ThreadedAnvilChunkStorage (DIM1): All chunks are saved
