[00:15:46] [main/WARN]: Ambiguity between arguments [teleport, destination] and [teleport, targets] with inputs: [Player, 0123, @e, dd12be42-52a9-4a91-a8a1-11c01849e498]
[00:15:46] [main/WARN]: Ambiguity between arguments [teleport, location] and [teleport, destination] with inputs: [0.1 -0.5 .9, 0 0 0]
[00:15:46] [main/WARN]: Ambiguity between arguments [teleport, location] and [teleport, targets] with inputs: [0.1 -0.5 .9, 0 0 0]
[00:15:46] [main/WARN]: Ambiguity between arguments [teleport, targets] and [teleport, destination] with inputs: [Player, 0123, dd12be42-52a9-4a91-a8a1-11c01849e498]
[00:15:46] [main/WARN]: Ambiguity between arguments [teleport, targets, location] and [teleport, targets, destination] with inputs: [0.1 -0.5 .9, 0 0 0]
[00:15:46] [main/INFO]: Reloading ResourceManager: Default
[00:15:47] [Worker-Main-14/INFO]: Loaded 7 recipes
[00:15:48] [Worker-Main-14/INFO]: Loaded 987 advancements
[00:15:51] [Server thread/INFO]: Starting minecraft server version 20w46a
[00:15:51] [Server thread/INFO]: Loading properties
[00:15:51] [Server thread/INFO]: Default game type: SURVIVAL
[00:15:51] [Server thread/INFO]: Generating keypair
[00:15:51] [Server thread/INFO]: Starting Minecraft server on *:25565
[00:15:51] [Server thread/INFO]: Using default channel type
[00:15:53] [Server thread/INFO]: Preparing level "world"
[00:15:54] [Server thread/INFO]: Preparing start region for dimension minecraft:overworld
[00:15:55] [Server thread/INFO]: Preparing spawn area: 0%
[00:15:55] [Server thread/INFO]: Preparing spawn area: 0%
[00:15:55] [Server thread/INFO]: Preparing spawn area: 0%
[00:15:55] [Server thread/INFO]: Preparing spawn area: 58%
[00:15:55] [Server thread/INFO]: Time elapsed: 1597 ms
[00:15:55] [Server thread/INFO]: Done (1.771s)! For help, type "help"
[00:15:59] [User Authenticator #1/INFO]: UUID of player ClayGamer01 is 1d3a6c27-7ae0-4c0e-aa92-9f943dcb456e
[00:15:59] [Server thread/INFO]: ClayGamer01[/192.168.1.15:53263] logged in with entity id 147 at (-308.64567318469244, 72.5, 206.16708858913915)
[00:15:59] [Server thread/INFO]: ClayGamer01 joined the game
[00:16:07] [Server thread/INFO]: ClayGamer01 lost connection: Disconnected
[00:16:07] [Server thread/INFO]: ClayGamer01 left the game
[00:16:10] [Server thread/INFO]: Stopping the server
[00:16:10] [Server thread/INFO]: Stopping server
[00:16:10] [Server thread/INFO]: Saving players
[00:16:10] [Server thread/INFO]: Saving worlds
[00:16:10] [Server thread/INFO]: Saving chunks for level 'ServerLevel[world]'/minecraft:overworld
[00:16:12] [Server thread/INFO]: ThreadedAnvilChunkStorage (world): All chunks are saved
[00:16:12] [Server thread/INFO]: Saving chunks for level 'ServerLevel[world]'/minecraft:the_nether
[00:16:12] [Server thread/INFO]: ThreadedAnvilChunkStorage (DIM-1): All chunks are saved
[00:16:12] [Server thread/INFO]: Saving chunks for level 'ServerLevel[world]'/minecraft:the_end
[00:16:12] [Server thread/INFO]: ThreadedAnvilChunkStorage (DIM1): All chunks are saved
[00:16:12] [Server thread/INFO]: ThreadedAnvilChunkStorage (world): All chunks are saved
[00:16:12] [Server thread/INFO]: ThreadedAnvilChunkStorage (DIM-1): All chunks are saved
[00:16:12] [Server thread/INFO]: ThreadedAnvilChunkStorage (DIM1): All chunks are saved
