[13:09:08] [main/INFO]: Environment: authHost='https://authserver.mojang.com', accountsHost='https://api.mojang.com', sessionHost='https://sessionserver.mojang.com', servicesHost='https://api.minecraftservices.com', name='PROD'
[13:09:09] [main/WARN]: Ambiguity between arguments [teleport, destination] and [teleport, targets] with inputs: [Player, 0123, @e, dd12be42-52a9-4a91-a8a1-11c01849e498]
[13:09:09] [main/WARN]: Ambiguity between arguments [teleport, location] and [teleport, destination] with inputs: [0.1 -0.5 .9, 0 0 0]
[13:09:09] [main/WARN]: Ambiguity between arguments [teleport, location] and [teleport, targets] with inputs: [0.1 -0.5 .9, 0 0 0]
[13:09:09] [main/WARN]: Ambiguity between arguments [teleport, targets] and [teleport, destination] with inputs: [Player, 0123, dd12be42-52a9-4a91-a8a1-11c01849e498]
[13:09:09] [main/WARN]: Ambiguity between arguments [teleport, targets, location] and [teleport, targets, destination] with inputs: [0.1 -0.5 .9, 0 0 0]
[13:09:09] [main/INFO]: Reloading ResourceManager: Default
[13:09:09] [Worker-Main-12/INFO]: Loaded 7 recipes
[13:09:09] [Worker-Main-12/INFO]: Loaded 987 advancements
[13:09:10] [Server thread/INFO]: Starting minecraft server version 20w46a
[13:09:10] [Server thread/INFO]: Loading properties
[13:09:10] [Server thread/INFO]: Default game type: SURVIVAL
[13:09:10] [Server thread/INFO]: Generating keypair
[13:09:10] [Server thread/INFO]: Starting Minecraft server on *:25565
[13:09:10] [Server thread/INFO]: Using default channel type
[13:09:11] [Server thread/INFO]: Preparing level "world"
[13:09:11] [Server thread/INFO]: Preparing start region for dimension minecraft:overworld
[13:09:12] [Server thread/INFO]: Preparing spawn area: 0%
[13:09:12] [Server thread/INFO]: Preparing spawn area: 0%
[13:09:12] [Server thread/INFO]: Preparing spawn area: 0%
[13:09:12] [Server thread/INFO]: Time elapsed: 1188 ms
[13:09:12] [Server thread/INFO]: Done (1.257s)! For help, type "help"
[13:09:19] [User Authenticator #1/INFO]: UUID of player ClayGamer01 is 1d3a6c27-7ae0-4c0e-aa92-9f943dcb456e
[13:09:19] [Server thread/INFO]: ClayGamer01[/192.168.1.15:50297] logged in with entity id 182 at (-298.69999998807907, 83.0, 182.30000001192093)
[13:09:19] [Server thread/INFO]: ClayGamer01 joined the game
[13:38:45] [Server thread/INFO]: Stopping the server
[13:38:45] [Server thread/INFO]: Stopping server
[13:38:45] [Server thread/INFO]: Saving players
[13:38:45] [Server thread/INFO]: ClayGamer01 lost connection: Server closed
[13:38:45] [Server thread/INFO]: ClayGamer01 left the game
[13:38:45] [Server thread/INFO]: Saving worlds
[13:38:45] [Server thread/INFO]: Saving chunks for level 'ServerLevel[world]'/minecraft:overworld
[13:38:45] [Server thread/INFO]: ThreadedAnvilChunkStorage (world): All chunks are saved
[13:38:45] [Server thread/INFO]: Saving chunks for level 'ServerLevel[world]'/minecraft:the_nether
[13:38:45] [Server thread/INFO]: ThreadedAnvilChunkStorage (DIM-1): All chunks are saved
[13:38:45] [Server thread/INFO]: Saving chunks for level 'ServerLevel[world]'/minecraft:the_end
[13:38:45] [Server thread/INFO]: ThreadedAnvilChunkStorage (DIM1): All chunks are saved
[13:38:45] [Server thread/INFO]: ThreadedAnvilChunkStorage (world): All chunks are saved
[13:38:45] [Server thread/INFO]: ThreadedAnvilChunkStorage (DIM-1): All chunks are saved
[13:38:45] [Server thread/INFO]: ThreadedAnvilChunkStorage (DIM1): All chunks are saved
