[01:34:19] [main/INFO]: Environment: authHost='https://authserver.mojang.com', accountsHost='https://api.mojang.com', sessionHost='https://sessionserver.mojang.com', servicesHost='https://api.minecraftservices.com', name='PROD'
[01:34:20] [main/WARN]: Ambiguity between arguments [teleport, destination] and [teleport, targets] with inputs: [Player, 0123, @e, dd12be42-52a9-4a91-a8a1-11c01849e498]
[01:34:20] [main/WARN]: Ambiguity between arguments [teleport, location] and [teleport, destination] with inputs: [0.1 -0.5 .9, 0 0 0]
[01:34:20] [main/WARN]: Ambiguity between arguments [teleport, location] and [teleport, targets] with inputs: [0.1 -0.5 .9, 0 0 0]
[01:34:20] [main/WARN]: Ambiguity between arguments [teleport, targets] and [teleport, destination] with inputs: [Player, 0123, dd12be42-52a9-4a91-a8a1-11c01849e498]
[01:34:20] [main/WARN]: Ambiguity between arguments [teleport, targets, location] and [teleport, targets, destination] with inputs: [0.1 -0.5 .9, 0 0 0]
[01:34:20] [main/INFO]: Reloading ResourceManager: Default
[01:34:22] [Worker-Main-2/INFO]: Loaded 7 recipes
[01:34:23] [Worker-Main-2/INFO]: Loaded 927 advancements
[01:34:26] [Server thread/INFO]: Starting minecraft server version 1.16.5
[01:34:26] [Server thread/INFO]: Loading properties
[01:34:26] [Server thread/INFO]: Default game type: SURVIVAL
[01:34:26] [Server thread/INFO]: Generating keypair
[01:34:26] [Server thread/INFO]: Starting Minecraft server on *:25575
[01:34:26] [Server thread/INFO]: Using default channel type
[01:34:27] [Server thread/INFO]: Preparing level "world"
[01:34:27] [Server thread/INFO]: Preparing start region for dimension minecraft:overworld
[01:34:29] [Server thread/INFO]: Preparing spawn area: 0%
[01:34:29] [Server thread/INFO]: Preparing spawn area: 0%
[01:34:29] [Server thread/INFO]: Preparing spawn area: 0%
[01:34:29] [Server thread/INFO]: Preparing spawn area: 0%
[01:34:29] [Server thread/INFO]: Preparing spawn area: 0%
[01:34:29] [Server thread/INFO]: Preparing spawn area: 0%
[01:34:30] [Server thread/INFO]: Preparing spawn area: 5%
[01:34:31] [Server thread/INFO]: Preparing spawn area: 64%
[01:34:31] [Server thread/INFO]: Time elapsed: 4409 ms
[01:34:31] [Server thread/INFO]: Done (4.711s)! For help, type "help"
[01:34:40] [Server thread/WARN]: Can't keep up! Is the server overloaded? Running 2157ms or 43 ticks behind
[01:35:07] [User Authenticator #1/INFO]: UUID of player ClayGamer01 is 1d3a6c27-7ae0-4c0e-aa92-9f943dcb456e
[01:35:08] [Server thread/INFO]: ClayGamer01[/66.235.2.149:53085] logged in with entity id 99 at (-339.80507112918417, 88.02949846281477, -1208.981682597724)
[01:35:08] [Server thread/INFO]: ClayGamer01 joined the game
[01:35:12] [Server thread/WARN]: Can't keep up! Is the server overloaded? Running 2025ms or 40 ticks behind
[01:35:35] [Server thread/WARN]: Can't keep up! Is the server overloaded? Running 7797ms or 155 ticks behind
[01:35:54] [Server thread/WARN]: Can't keep up! Is the server overloaded? Running 4658ms or 93 ticks behind
[01:36:17] [Server thread/WARN]: Can't keep up! Is the server overloaded? Running 2061ms or 41 ticks behind
[01:36:37] [Server thread/WARN]: Can't keep up! Is the server overloaded? Running 4626ms or 92 ticks behind
[01:36:52] [Server thread/WARN]: ClayGamer01 moved too quickly! -11.835838687595015,-2.45651892840516,12.968217524473289
[01:37:04] [Server thread/WARN]: Can't keep up! Is the server overloaded? Running 11920ms or 238 ticks behind
[01:37:31] [Server thread/WARN]: Can't keep up! Is the server overloaded? Running 12212ms or 244 ticks behind
[01:38:38] [Server thread/INFO]: Disconnecting com.mojang.authlib.GameProfile@4ee46160[id=<null>,name=kind_kqtie,properties={},legacy=false] (/66.235.2.149:62956): Took too long to log in
[01:38:38] [Server thread/INFO]: com.mojang.authlib.GameProfile@4ee46160[id=<null>,name=kind_kqtie,properties={},legacy=false] (/66.235.2.149:62956) lost connection: Took too long to log in
[01:38:49] [User Authenticator #2/INFO]: UUID of player kind_kqtie is 29b6af0a-703f-42a3-a590-82a5b8619308
[01:38:49] [Server thread/INFO]: kind_kqtie[/66.235.2.149:62987] logged in with entity id 2243 at (-319.0564819918293, 76.0, -1219.5146053561864)
[01:38:49] [Server thread/INFO]: kind_kqtie joined the game
[01:38:56] [Server thread/WARN]: Can't keep up! Is the server overloaded? Running 2010ms or 40 ticks behind
[01:39:17] [Server thread/WARN]: Can't keep up! Is the server overloaded? Running 5562ms or 111 ticks behind
[01:39:35] [Server thread/WARN]: Can't keep up! Is the server overloaded? Running 3264ms or 65 ticks behind
[01:39:54] [Server thread/WARN]: Can't keep up! Is the server overloaded? Running 3521ms or 70 ticks behind
[01:40:12] [Server thread/WARN]: Can't keep up! Is the server overloaded? Running 3240ms or 64 ticks behind
[01:40:13] [User Authenticator #3/INFO]: UUID of player VisaRewards is 80fe19a6-e468-415f-afd0-0d96b1f9a10e
[01:40:14] [Server thread/INFO]: VisaRewards[/66.235.2.149:52799] logged in with entity id 2734 at (-1895.696247365098, 79.0, -309.59385647288286)
[01:40:14] [Server thread/INFO]: VisaRewards joined the game
[01:40:37] [Server thread/WARN]: Can't keep up! Is the server overloaded? Running 10233ms or 204 ticks behind
[01:41:12] [Server thread/WARN]: Can't keep up! Is the server overloaded? Running 20575ms or 411 ticks behind
[01:41:38] [Server thread/WARN]: Can't keep up! Is the server overloaded? Running 10072ms or 201 ticks behind
[01:42:03] [Server thread/WARN]: Can't keep up! Is the server overloaded? Running 10024ms or 200 ticks behind
[01:42:27] [Server thread/WARN]: Can't keep up! Is the server overloaded? Running 9907ms or 198 ticks behind
[01:42:53] [Server thread/WARN]: Can't keep up! Is the server overloaded? Running 10106ms or 202 ticks behind
[01:43:13] [Server thread/INFO]: [Server] heeelelel
[01:43:19] [Server thread/INFO]: [Server] it es wrorkkeing
[01:43:22] [Server thread/WARN]: Can't keep up! Is the server overloaded? Running 14162ms or 283 ticks behind
[01:43:32] [Server thread/INFO]: VisaRewards lost connection: Disconnected
[01:43:32] [Server thread/INFO]: VisaRewards left the game
[01:43:35] [User Authenticator #4/INFO]: UUID of player VisaRewards is 80fe19a6-e468-415f-afd0-0d96b1f9a10e
[01:43:35] [Server thread/INFO]: VisaRewards[/66.235.2.149:52835] logged in with entity id 4082 at (-1915.6558268084107, 71.0, -298.0608299461788)
[01:43:35] [Server thread/INFO]: VisaRewards joined the game
[01:43:46] [Server thread/INFO]: [ClayGamer01: Gave 1 [Trident] to ClayGamer01]
[01:43:49] [Server thread/WARN]: Can't keep up! Is the server overloaded? Running 11850ms or 237 ticks behind
[01:44:18] [Server thread/WARN]: Can't keep up! Is the server overloaded? Running 14216ms or 284 ticks behind
[01:44:23] [Server thread/INFO]: [ClayGamer01: Applied enchantment Impaling V to ClayGamer01's item]
[01:44:44] [Server thread/WARN]: Can't keep up! Is the server overloaded? Running 11729ms or 234 ticks behind
[01:45:04] [Server thread/INFO]: [ClayGamer01: Applied enchantment Loyalty III to ClayGamer01's item]
[01:45:12] [Server thread/WARN]: Can't keep up! Is the server overloaded? Running 12781ms or 255 ticks behind
[01:45:13] [Server thread/INFO]: [ClayGamer01: Applied enchantment Mending to ClayGamer01's item]
[01:45:19] [Server thread/INFO]: [ClayGamer01: Applied enchantment Unbreaking III to ClayGamer01's item]
[01:45:40] [Server thread/WARN]: Can't keep up! Is the server overloaded? Running 12495ms or 249 ticks behind
[01:45:52] [Server thread/INFO]: [ClayGamer01: Gave 128 [Steak] to ClayGamer01]
[01:46:11] [Server thread/WARN]: Can't keep up! Is the server overloaded? Running 16801ms or 336 ticks behind
[01:46:42] [Server thread/WARN]: Can't keep up! Is the server overloaded? Running 15384ms or 307 ticks behind
[01:47:01] [Server thread/INFO]: VisaRewards lost connection: Disconnected
[01:47:01] [Server thread/INFO]: VisaRewards left the game
[01:47:10] [Server thread/WARN]: Can't keep up! Is the server overloaded? Running 13271ms or 265 ticks behind
[01:47:30] [Server thread/WARN]: Can't keep up! Is the server overloaded? Running 5107ms or 102 ticks behind
[01:47:50] [Server thread/WARN]: Can't keep up! Is the server overloaded? Running 4511ms or 90 ticks behind
[01:48:09] [Server thread/WARN]: Can't keep up! Is the server overloaded? Running 4753ms or 95 ticks behind
[01:48:30] [Server thread/WARN]: Can't keep up! Is the server overloaded? Running 5153ms or 103 ticks behind
[01:48:49] [Server thread/WARN]: Can't keep up! Is the server overloaded? Running 4493ms or 89 ticks behind
[01:49:09] [Server thread/WARN]: Can't keep up! Is the server overloaded? Running 4822ms or 96 ticks behind
[01:49:31] [Server thread/WARN]: Can't keep up! Is the server overloaded? Running 7078ms or 141 ticks behind
[01:49:49] [Server thread/ERROR]: No key replace_with_blackstone in MapLike[{AirPocket:0b,Overgrown:0b,Mossiness:0.0f,Cold:0b,Vines:0b,ReplaceWithBlackstone:1b}]; No key vines in MapLike[{AirPocket:0b,Overgrown:0b,Mossiness:0.0f,Cold:0b,Vines:0b,ReplaceWithBlackstone:1b}]; No key overgrown in MapLike[{AirPocket:0b,Overgrown:0b,Mossiness:0.0f,Cold:0b,Vines:0b,ReplaceWithBlackstone:1b}]; No key air_pocket in MapLike[{AirPocket:0b,Overgrown:0b,Mossiness:0.0f,Cold:0b,Vines:0b,ReplaceWithBlackstone:1b}]; No key mossiness in MapLike[{AirPocket:0b,Overgrown:0b,Mossiness:0.0f,Cold:0b,Vines:0b,ReplaceWithBlackstone:1b}]; No key cold in MapLike[{AirPocket:0b,Overgrown:0b,Mossiness:0.0f,Cold:0b,Vines:0b,ReplaceWithBlackstone:1b}]
[01:49:49] [Server thread/ERROR]: Exception loading structure piece with id minecraft:rupo
java.lang.RuntimeException: No key replace_with_blackstone in MapLike[{AirPocket:0b,Overgrown:0b,Mossiness:0.0f,Cold:0b,Vines:0b,ReplaceWithBlackstone:1b}]; No key vines in MapLike[{AirPocket:0b,Overgrown:0b,Mossiness:0.0f,Cold:0b,Vines:0b,ReplaceWithBlackstone:1b}]; No key overgrown in MapLike[{AirPocket:0b,Overgrown:0b,Mossiness:0.0f,Cold:0b,Vines:0b,ReplaceWithBlackstone:1b}]; No key air_pocket in MapLike[{AirPocket:0b,Overgrown:0b,Mossiness:0.0f,Cold:0b,Vines:0b,ReplaceWithBlackstone:1b}]; No key mossiness in MapLike[{AirPocket:0b,Overgrown:0b,Mossiness:0.0f,Cold:0b,Vines:0b,ReplaceWithBlackstone:1b}]; No key cold in MapLike[{AirPocket:0b,Overgrown:0b,Mossiness:0.0f,Cold:0b,Vines:0b,ReplaceWithBlackstone:1b}]
	at com.mojang.serialization.DataResult.lambda$getOrThrow$4(DataResult.java:100) ~[server.jar:?]
	at com.mojang.datafixers.util.Either$Right.map(Either.java:99) ~[server.jar:?]
	at com.mojang.serialization.DataResult.getOrThrow(DataResult.java:93) ~[server.jar:?]
	at crp.<init>(SourceFile:116) ~[server.jar:?]
	at cla.a(SourceFile:149) ~[server.jar:?]
	at cgt.a(SourceFile:431) ~[server.jar:?]
	at cgt.a(SourceFile:176) ~[server.jar:?]
	at zs.l(SourceFile:524) ~[server.jar:?]
	at java.util.concurrent.CompletableFuture$AsyncSupply.run(CompletableFuture.java:1604) ~[?:1.8.0_275]
	at aob.c(SourceFile:144) ~[server.jar:?]
	at aae$a.c(SourceFile:545) ~[server.jar:?]
	at aob.y(SourceFile:118) ~[server.jar:?]
	at aae$a.y(SourceFile:554) ~[server.jar:?]
	at aob.c(SourceFile:127) ~[server.jar:?]
	at aae.a(SourceFile:141) ~[server.jar:?]
	at brx.a(SourceFile:209) ~[server.jar:?]
	at aag.f(SourceFile:815) ~[server.jar:?]
	at aag.b(SourceFile:793) ~[server.jar:?]
	at aah.b(SourceFile:704) ~[server.jar:?]
	at aqa.bk(SourceFile:1942) ~[server.jar:?]
	at aqa.ag(SourceFile:449) ~[server.jar:?]
	at aqm.ag(SourceFile:324) ~[server.jar:?]
	at aqa.j(SourceFile:431) ~[server.jar:?]
	at aqm.j(SourceFile:2209) ~[server.jar:?]
	at bfw.j(SourceFile:274) ~[server.jar:?]
	at aah.v_(SourceFile:434) ~[server.jar:?]
	at aay.b(SourceFile:219) ~[server.jar:?]
	at nd.a(SourceFile:232) ~[server.jar:?]
	at aax.c(SourceFile:173) ~[server.jar:?]
	at net.minecraft.server.MinecraftServer.b(SourceFile:882) ~[server.jar:?]
	at zg.b(SourceFile:312) ~[server.jar:?]
	at net.minecraft.server.MinecraftServer.a(SourceFile:811) ~[server.jar:?]
	at net.minecraft.server.MinecraftServer.w(SourceFile:670) ~[server.jar:?]
	at net.minecraft.server.MinecraftServer.a(SourceFile:257) ~[server.jar:?]
	at java.lang.Thread.run(Thread.java:748) [?:1.8.0_275]
[01:49:58] [Server thread/WARN]: Can't keep up! Is the server overloaded? Running 11863ms or 237 ticks behind
[01:50:01] [User Authenticator #5/INFO]: UUID of player VisaRewards is 80fe19a6-e468-415f-afd0-0d96b1f9a10e
[01:50:02] [Server thread/INFO]: VisaRewards[/66.235.2.149:53092] logged in with entity id 5700 at (-1915.9252987743018, 71.0, -306.88237152749775)
[01:50:02] [Server thread/INFO]: VisaRewards joined the game
[01:50:23] [IO-Worker-15/ERROR]: Failed to store chunk [-18, -85]
java.io.IOException: No space left on device
	at sun.nio.ch.FileDispatcherImpl.pwrite0(Native Method) ~[?:1.8.0_275]
	at sun.nio.ch.FileDispatcherImpl.pwrite(FileDispatcherImpl.java:66) ~[?:1.8.0_275]
	at sun.nio.ch.IOUtil.writeFromNativeBuffer(IOUtil.java:89) ~[?:1.8.0_275]
	at sun.nio.ch.IOUtil.write(IOUtil.java:65) ~[?:1.8.0_275]
	at sun.nio.ch.FileChannelImpl.writeInternal(FileChannelImpl.java:772) ~[?:1.8.0_275]
	at sun.nio.ch.FileChannelImpl.write(FileChannelImpl.java:758) ~[?:1.8.0_275]
	at cgy.a(SourceFile:377) ~[server.jar:?]
	at cgy$a.close(SourceFile:350) ~[server.jar:?]
	at java.util.zip.DeflaterOutputStream.close(DeflaterOutputStream.java:241) ~[?:1.8.0_275]
	at java.io.FilterOutputStream.close(FilterOutputStream.java:159) ~[?:1.8.0_275]
	at java.io.FilterOutputStream.close(FilterOutputStream.java:159) ~[?:1.8.0_275]
	at cgz.a(SourceFile:64) ~[server.jar:?]
	at cgv.a(SourceFile:144) ~[server.jar:?]
	at cgv.b(SourceFile:134) ~[server.jar:?]
	at aog$b.run(SourceFile:54) [server.jar:?]
	at aoe.e(SourceFile:94) [server.jar:?]
	at aoe.a(SourceFile:137) [server.jar:?]
	at aoe.run(SourceFile:105) [server.jar:?]
	at java.util.concurrent.ThreadPoolExecutor.runWorker(ThreadPoolExecutor.java:1149) [?:1.8.0_275]
	at java.util.concurrent.ThreadPoolExecutor$Worker.run(ThreadPoolExecutor.java:624) [?:1.8.0_275]
	at java.lang.Thread.run(Thread.java:748) [?:1.8.0_275]
[01:50:23] [IO-Worker-19/ERROR]: Failed to store chunk [-13, -80]
java.io.IOException: No space left on device
	at sun.nio.ch.FileDispatcherImpl.pwrite0(Native Method) ~[?:1.8.0_275]
	at sun.nio.ch.FileDispatcherImpl.pwrite(FileDispatcherImpl.java:66) ~[?:1.8.0_275]
	at sun.nio.ch.IOUtil.writeFromNativeBuffer(IOUtil.java:89) ~[?:1.8.0_275]
	at sun.nio.ch.IOUtil.write(IOUtil.java:65) ~[?:1.8.0_275]
	at sun.nio.ch.FileChannelImpl.writeInternal(FileChannelImpl.java:772) ~[?:1.8.0_275]
	at sun.nio.ch.FileChannelImpl.write(FileChannelImpl.java:758) ~[?:1.8.0_275]
	at cgy.a(SourceFile:377) ~[server.jar:?]
	at cgy$a.close(SourceFile:350) ~[server.jar:?]
	at java.util.zip.DeflaterOutputStream.close(DeflaterOutputStream.java:241) ~[?:1.8.0_275]
	at java.io.FilterOutputStream.close(FilterOutputStream.java:159) ~[?:1.8.0_275]
	at java.io.FilterOutputStream.close(FilterOutputStream.java:159) ~[?:1.8.0_275]
	at cgz.a(SourceFile:64) ~[server.jar:?]
	at cgv.a(SourceFile:144) ~[server.jar:?]
	at cgv.b(SourceFile:134) ~[server.jar:?]
	at aog$b.run(SourceFile:54) [server.jar:?]
	at aoe.e(SourceFile:94) [server.jar:?]
	at aoe.a(SourceFile:137) [server.jar:?]
	at aoe.run(SourceFile:105) [server.jar:?]
	at java.util.concurrent.ThreadPoolExecutor.runWorker(ThreadPoolExecutor.java:1149) [?:1.8.0_275]
	at java.util.concurrent.ThreadPoolExecutor$Worker.run(ThreadPoolExecutor.java:624) [?:1.8.0_275]
	at java.lang.Thread.run(Thread.java:748) [?:1.8.0_275]
[01:50:23] [IO-Worker-15/ERROR]: Failed to store chunk [-20, -76]
java.io.IOException: No space left on device
	at sun.nio.ch.FileDispatcherImpl.pwrite0(Native Method) ~[?:1.8.0_275]
	at sun.nio.ch.FileDispatcherImpl.pwrite(FileDispatcherImpl.java:66) ~[?:1.8.0_275]
	at sun.nio.ch.IOUtil.writeFromNativeBuffer(IOUtil.java:89) ~[?:1.8.0_275]
	at sun.nio.ch.IOUtil.write(IOUtil.java:65) ~[?:1.8.0_275]
	at sun.nio.ch.FileChannelImpl.writeInternal(FileChannelImpl.java:772) ~[?:1.8.0_275]
	at sun.nio.ch.FileChannelImpl.write(FileChannelImpl.java:758) ~[?:1.8.0_275]
	at cgy.a(SourceFile:377) ~[server.jar:?]
	at cgy$a.close(SourceFile:350) ~[server.jar:?]
	at java.util.zip.DeflaterOutputStream.close(DeflaterOutputStream.java:241) ~[?:1.8.0_275]
	at java.io.FilterOutputStream.close(FilterOutputStream.java:159) ~[?:1.8.0_275]
	at java.io.FilterOutputStream.close(FilterOutputStream.java:159)[02:03:50] [Server thread/WARN]: Can't keep up! Is the server overloaded? Running 8021ms or 160 ticks behind
[02:04:13] [Server thread/WARN]: Can't keep up! Is the server overloaded? Running 7425ms or 148 ticks behind
[02:04:32] [Server thread/INFO]: ClayGamer01 lost connection: Disconnected
[02:04:32] [Server thread/INFO]: ClayGamer01 left the game
[02:04:35] [Server thread/WARN]: Can't keep up! Is the server overloaded? Running 7398ms or 147 ticks behind
[02:04:39] [User Authenticator #6/INFO]: UUID of player ClayGamer01 is 1d3a6c27-7ae0-4c0e-aa92-9f943dcb456e
[02:04:39] [Server thread/INFO]: ClayGamer01[/66.235.2.149:53471] logged in with entity id 10996 at (-1251.5641379771898, 64.0, 158.21072095866384)
[02:04:39] [Server thread/INFO]: ClayGamer01 joined the game
[02:04:56] [Server thread/WARN]: Can't keep up! Is the server overloaded? Running 6199ms or 123 ticks behind
[02:05:44] [Server thread/WARN]: Can't keep up! Is the server overloaded? Running 32855ms or 657 ticks behind
[02:05:53] [Server thread/INFO]: ClayGamer01 lost connection: Disconnected
[02:05:53] [Server thread/INFO]: ClayGamer01 left the game
[02:05:57] [User Authenticator #7/INFO]: UUID of player ClayGamer01 is 1d3a6c27-7ae0-4c0e-aa92-9f943dcb456e
[02:05:58] [Server thread/INFO]: ClayGamer01[/66.235.2.149:53479] logged in with entity id 11260 at (-1289.7123069290524, 63.0, 151.16238010861846)
[02:05:58] [Server thread/INFO]: ClayGamer01 joined the game
[02:06:05] [Server thread/INFO]: <VisaRewards> Problems?
[02:06:26] [Server thread/ERROR]: Input does not contain a key [type]: MapLike[{name:"minecraft:no_op",config:{}}]
[02:06:26] [Server thread/ERROR]: Input does not contain a key [type]: MapLike[{name:"minecraft:block_pile",config:{state_provider:{state:{Properties:{axis:"y"},Name:"minecraft:hay_block"},type:"minecraft:simple_state_provider"}}}]
[02:06:26] [Server thread/ERROR]: Input does not contain a key [type]: MapLike[{name:"minecraft:flower",config:{tries:64,yspread:3,xspread:7,need_water:0b,zspread:7,project:1b,blacklist:[L;],block_placer:{type:"minecraft:simple_block_placer"},whitelist:[L;],state_provider:{type:"minecraft:plain_flower_provider"},can_replace:0b}}]
[02:06:26] [Server thread/ERROR]: Input does not contain a key [type]: MapLike[{name:"minecraft:block_pile",config:{state_provider:{state:{Properties:{axis:"y"},Name:"minecraft:hay_block"},type:"minecraft:simple_state_provider"}}}]
[02:06:26] [Server thread/ERROR]: Input does not contain a key [type]: MapLike[{name:"minecraft:flower",config:{tries:64,yspread:3,xspread:7,need_water:0b,zspread:7,project:1b,blacklist:[L;],block_placer:{type:"minecraft:simple_block_placer"},whitelist:[L;],state_provider:{type:"minecraft:plain_flower_provider"},can_replace:0b}}]
[02:06:26] [Server thread/ERROR]: Input does not contain a key [type]: MapLike[{name:"minecraft:block_pile",config:{state_provider:{state:{Properties:{axis:"y"},Name:"minecraft:hay_block"},type:"minecraft:simple_state_provider"}}}]
[02:06:26] [Server thread/ERROR]: Input does not contain a key [type]: MapLike[{name:"minecraft:no_op",config:{}}]
[02:06:46] [Server thread/WARN]: Can't keep up! Is the server overloaded? Running 46830ms or 936 ticks behind
[02:07:05] [Server thread/INFO]: ClayGamer01 lost connection: Disconnected
[02:07:05] [Server thread/INFO]: ClayGamer01 left the game
[02:07:10] [User Authenticator #8/INFO]: UUID of player ClayGamer01 is 1d3a6c27-7ae0-4c0e-aa92-9f943dcb456e
[02:07:11] [Server thread/INFO]: ClayGamer01[/66.235.2.149:53485] logged in with entity id 11479 at (-1641.121581207856, 71.0, 471.01768112714404)
[02:07:11] [Server thread/INFO]: ClayGamer01 joined the game
[02:07:13] [Server thread/INFO]: ClayGamer01 lost connection: Disconnected
[02:07:13] [Server thread/INFO]: ClayGamer01 left the game
[02:07:18] [Server thread/INFO]: <VisaRewards> Something broken?
[02:07:44] [Server thread/WARN]: Can't keep up! Is the server overloaded? Running 43028ms or 860 ticks behind
[02:08:21] [Server thread/WARN]: Can't keep up! Is the server overloaded? Running 22480ms or 449 ticks behind
[02:08:46] [Server thread/WARN]: Can't keep up! Is the server overloaded? Running 9905ms or 198 ticks behind
[02:09:12] [Server thread/WARN]: Can't keep up! Is the server overloaded? Running 10677ms or 213 ticks behind
[02:09:37] [Server thread/WARN]: Can't keep up! Is the server overloaded? Running 10227ms or 204 ticks behind
[02:10:01] [Server thread/WARN]: Can't keep up! Is the server overloaded? Running 8860ms or 177 ticks behind
[02:10:24] [Server thread/WARN]: Can't keep up! Is the server overloaded? Running 8638ms or 172 ticks behind
[02:10:49] [Server thread/WARN]: Can't keep up! Is the server overloaded? Running 9998ms or 199 ticks behind
[02:11:12] [Server thread/WARN]: Can't keep up! Is the server overloaded? Running 7865ms or 157 ticks behind
[02:11:35] [Server thread/WARN]: Can't keep up! Is the server overloaded? Running 8067ms or 161 ticks behind
[02:11:49] [Server thread/INFO]: Made VisaRewards a server operator
[02:11:58] [Server thread/WARN]: Can't keep up! Is the server overloaded? Running 8258ms or 165 ticks behind
[02:12:15] [Server thread/INFO]: [VisaRewards: Gave 1 [Elytra] to VisaRewards]
[02:12:21] [Server thread/WARN]: Can't keep up! Is the server overloaded? Running 8060ms or 161 ticks behind
[02:12:45] [Server thread/WARN]: Can't keep up! Is the server overloaded? Running 8067ms or 161 ticks behind
[02:12:45] [Server thread/INFO]: [VisaRewards: Applied enchantment Mending to VisaRewards's item]
[02:13:03] [Server thread/INFO]: [VisaRewards: Applied enchantment Unbreaking III to VisaRewards's item]
[02:13:09] [Server thread/WARN]: Can't keep up! Is the server overloaded? Running 9473ms or 189 ticks behind
[02:13:32] [Server thread/WARN]: Can't keep up! Is the server overloaded? Running 8141ms or 162 ticks behind
[02:13:58] [Server thread/WARN]: Can't keep up! Is the server overloaded? Running 10881ms or 217 ticks behind
[02:14:22] [Server thread/WARN]: Can't keep up! Is the server overloaded? Running 8710ms or 174 ticks behind
[02:14:45] [Server thread/WARN]: Can't keep up! Is the server overloaded? Running 8573ms or 171 ticks behind
[02:15:09] [Server thread/WARN]: Can't keep up! Is the server overloaded? Running 8897ms or 177 ticks behind
[02:15:33] [Server thread/WARN]: Can't keep up! Is the server overloaded? Running 9386ms or 187 ticks behind
[02:15:39] [IO-Worker-37/ERROR]: Failed to store chunk [-17, -72]
java.io.IOException: No space left on device
	at sun.nio.ch.FileDispatcherImpl.pwrite0(Native Method) ~[?:1.8.0_275]
	at sun.nio.ch.FileDispatcherImpl.pwrite(FileDispatcherImpl.java:66) ~[?:1.8.0_275]
	at sun.nio.ch.IOUtil.writeFromNativeBuffer(IOUtil.java:89) ~[?:1.8.0_275]
	at sun.nio.ch.IOUtil.write(IOUtil.java:65) ~[?:1.8.0_275]
	at sun.nio.ch.FileChannelImpl.writeInternal(FileChannelImpl.java:772) ~[?:1.8.0_275]
	at sun.nio.ch.FileChannelImpl.write(FileChannelImpl.java:758) ~[?:1.8.0_275]
	at cgy.a(SourceFile:377) ~[server.jar:?]
	at cgy$a.close(SourceFile:350) ~[server.jar:?]
	at java.util.zip.DeflaterOutputStream.close(DeflaterOutputStream.java:241) ~[?:1.8.0_275]
	at java.io.FilterOutputStream.close(FilterOutputStream.java:159) ~[?:1.8.0_275]
	at java.io.FilterOutputStream.close(FilterOutputStream.java:159) ~[?:1.8.0_275]
	at cgz.a(SourceFile:64) ~[server.jar:?]
	at cgv.a(SourceFile:144) ~[server.jar:?]
	at cgv.b(SourceFile:134) ~[server.jar:?]
	at aog$b.run(SourceFile:54) [server.jar:?]
	at aoe.e(SourceFile:94) [server.jar:?]
	at aoe.a(SourceFile:137) [server.jar:?]
	at aoe.run(SourceFile:105) [server.jar:?]
	at java.util.concurrent.ThreadPoolExecutor.runWorker(ThreadPoolExecutor.java:1149) [?:1.8.0_275]
	at java.util.concurrent.ThreadPoolExecutor$Worker.run(ThreadPoolExecutor.java:624) [?:1.8.0_275]
	at java.lang.Thread.run(Thread.java:748) [?:1.8.0_275]
[02:15:39] [IO-Worker-37/ERROR]: Failed to store chunk [-17, -77]
java.io.IOException: No space left on device
	at sun.nio.ch.FileDispatcherImpl.pwrite0(Native Method) ~[?:1.8.0_275]
	at sun.nio.ch.FileDispatcherImpl.pwrite(FileDispatcherImpl.java:66) ~[?:1.8.0_275]
	at sun.nio.ch.IOUtil.writeFromNativeBuffer(IOUtil.java:89) ~[?:1.8.0_275]
	at sun.