[21:56:17] [main/WARN]: Ambiguity between arguments [teleport, destination] and [teleport, targets] with inputs: [Player, 0123, @e, dd12be42-52a9-4a91-a8a1-11c01849e498]
[21:56:18] [main/WARN]: Ambiguity between arguments [teleport, location] and [teleport, destination] with inputs: [0.1 -0.5 .9, 0 0 0]
[21:56:18] [main/WARN]: Ambiguity between arguments [teleport, location] and [teleport, targets] with inputs: [0.1 -0.5 .9, 0 0 0]
[21:56:18] [main/WARN]: Ambiguity between arguments [teleport, targets] and [teleport, destination] with inputs: [Player, 0123, dd12be42-52a9-4a91-a8a1-11c01849e498]
[21:56:18] [main/WARN]: Ambiguity between arguments [teleport, targets, location] and [teleport, targets, destination] with inputs: [0.1 -0.5 .9, 0 0 0]
[21:56:18] [main/INFO]: Reloading ResourceManager: Default
[21:56:20] [Worker-Main-12/INFO]: Loaded 7 recipes
[21:56:21] [Worker-Main-12/INFO]: Loaded 927 advancements
[21:56:25] [Server thread/INFO]: Starting minecraft server version 1.16.1
[21:56:25] [Server thread/INFO]: Loading properties
[21:56:25] [Server thread/INFO]: Default game type: SURVIVAL
[21:56:25] [Server thread/INFO]: Generating keypair
[21:56:26] [Server thread/INFO]: Starting Minecraft server on *:25565
[21:56:26] [Server thread/INFO]: Using default channel type
[21:56:30] [Server thread/INFO]: Preparing level "world"
[21:56:31] [Server thread/INFO]: Preparing start region for dimension minecraft:overworld
[21:56:33] [Server thread/INFO]: Preparing spawn area: 0%
[21:56:33] [Server thread/INFO]: Preparing spawn area: 0%
[21:56:33] [Server thread/INFO]: Preparing spawn area: 0%
[21:56:33] [Server thread/INFO]: Preparing spawn area: 0%
[21:56:33] [Server thread/INFO]: Preparing spawn area: 0%
[21:56:33] [Server thread/INFO]: Preparing spawn area: 0%
[21:56:34] [Server thread/INFO]: Preparing spawn area: 0%
[21:56:34] [Server thread/INFO]: Preparing spawn area: 0%
[21:56:36] [Server thread/INFO]: Time elapsed: 5705 ms
[21:56:36] [Server thread/INFO]: Done (5.886s)! For help, type "help"
[21:56:36] [Server thread/INFO]: Stopping server
[21:56:36] [Server thread/INFO]: Saving players
[21:56:36] [Server thread/INFO]: Saving worlds
[21:56:36] [Server thread/INFO]: Saving chunks for level 'ServerLevel[world]'/minecraft:overworld
[21:56:39] [Server thread/INFO]: ThreadedAnvilChunkStorage (world): All chunks are saved
[21:56:39] [Server thread/INFO]: Saving chunks for level 'ServerLevel[world]'/minecraft:the_nether
[21:56:39] [Server thread/INFO]: ThreadedAnvilChunkStorage (DIM-1): All chunks are saved
[21:56:39] [Server thread/INFO]: Saving chunks for level 'ServerLevel[world]'/minecraft:the_end
[21:56:39] [Server thread/INFO]: ThreadedAnvilChunkStorage (DIM1): All chunks are saved
[21:56:39] [Server thread/INFO]: ThreadedAnvilChunkStorage (world): All chunks are saved
[21:56:39] [Server thread/INFO]: ThreadedAnvilChunkStorage (DIM-1): All chunks are saved
[21:56:39] [Server thread/INFO]: ThreadedAnvilChunkStorage (DIM1): All chunks are saved
